<?xml version="1.0" encoding="UTF-8"?>
<!-- Generated by org.testng.reporters.JUnitReportReporter -->
<testsuite hostname="HDC4-LX-C60K2B3" failures="1" tests="6" name="com.SortingPrice_16.SortAscending_1" time="36.240" errors="0" timestamp="2024-04-29T14:18:58 IST" skipped="0">
  <testcase classname="com.SortingPrice_16.SortAscending_1" name="afterFilter" time="1.443"/>
  <testcase classname="com.SortingPrice_16.SortAscending_1" name="loginMethod" time="7.809"/>
  <testcase classname="com.SortingPrice_16.SortAscending_1" name="comparePriceafterFiler" time="0.038">
    <failure message="did not expect [[]] but found [[]]" type="java.lang.AssertionError">
      <![CDATA[java.lang.AssertionError: did not expect [[]] but found [[]]
at org.testng.Assert.fail(Assert.java:111)
at org.testng.Assert.assertNotEquals(Assert.java:2215)
at org.testng.Assert.assertNotEquals(Assert.java:2224)
at com.SortingPrice_16.SortAscending_1.comparePriceafterFiler(SortAscending_1.java:92)
at java.base/jdk.internal.reflect.NativeMethodAccessorImpl.invoke0(Native Method)
at java.base/jdk.internal.reflect.NativeMethodAccessorImpl.invoke(NativeMethodAccessorImpl.java:77)
at java.base/jdk.internal.reflect.DelegatingMethodAccessorImpl.invoke(DelegatingMethodAccessorImpl.java:43)
at java.base/java.lang.reflect.Method.invoke(Method.java:568)
at org.testng.internal.invokers.MethodInvocationHelper.invokeMethod(MethodInvocationHelper.java:139)
at org.testng.internal.invokers.TestInvoker.invokeMethod(TestInvoker.java:664)
at org.testng.internal.invokers.TestInvoker.invokeTestMethod(TestInvoker.java:227)
at org.testng.internal.invokers.MethodRunner.runInSequence(MethodRunner.java:50)
at org.testng.internal.invokers.TestInvoker$MethodInvocationAgent.invoke(TestInvoker.java:957)
at org.testng.internal.invokers.TestInvoker.invokeTestMethods(TestInvoker.java:200)
at org.testng.internal.invokers.TestMethodWorker.invokeTestMethods(TestMethodWorker.java:148)
at org.testng.internal.invokers.TestMethodWorker.run(TestMethodWorker.java:128)
at java.base/java.util.ArrayList.forEach(ArrayList.java:1511)
at org.testng.TestRunner.privateRun(TestRunner.java:848)
at org.testng.TestRunner.run(TestRunner.java:621)
at org.testng.SuiteRunner.runTest(SuiteRunner.java:443)
at org.testng.SuiteRunner.runSequentially(SuiteRunner.java:437)
at org.testng.SuiteRunner.privateRun(SuiteRunner.java:397)
at org.testng.SuiteRunner.run(SuiteRunner.java:336)
at org.testng.SuiteRunnerWorker.runSuite(SuiteRunnerWorker.java:52)
at org.testng.SuiteRunnerWorker.run(SuiteRunnerWorker.java:95)
at org.testng.TestNG.runSuitesSequentially(TestNG.java:1280)
at org.testng.TestNG.runSuitesLocally(TestNG.java:1200)
at org.testng.TestNG.runSuites(TestNG.java:1114)
at org.testng.TestNG.run(TestNG.java:1082)
at org.testng.remote.AbstractRemoteTestNG.run(AbstractRemoteTestNG.java:115)
at org.testng.remote.RemoteTestNG.initAndRun(RemoteTestNG.java:251)
at org.testng.remote.RemoteTestNG.main(RemoteTestNG.java:77)
]]>
    </failure>
  </testcase> <!-- comparePriceafterFiler -->
  <testcase classname="com.SortingPrice_16.SortAscending_1" name="beforeFilter" time="6.063"/>
  <testcase classname="com.SortingPrice_16.SortAscending_1" name="searchProduct" time="19.451"/>
  <testcase classname="com.SortingPrice_16.SortAscending_1" name="selectSort" time="1.436"/>
</testsuite> <!-- com.SortingPrice_16.SortAscending_1 -->
